<?xml version="1.0" encoding="UTF-8"?>
<!-- Generated by org.testng.reporters.JUnitReportReporter -->
<testsuite hostname="LAPTOP-ENB8TQR2" failures="0" tests="1" name="com.pack.common.tests.BasePageTest" time="0.020" errors="0" timestamp="2021-10-08T22:44:02 IST" skipped="0">
  <testcase classname="com.pack.common.tests.BasePageTest" name="verifyHomePage" time="0.020"/>
  <system-out/>
</testsuite> <!-- com.pack.common.tests.BasePageTest -->
