<?xml version="1.0" encoding="UTF-8"?>
<!-- Generated by org.testng.reporters.JUnitReportReporter -->
<testsuite hostname="LAPTOP-ENB8TQR2" failures="0" tests="2" name="com.pack.common.tests.FacebookPageLoginTest" time="1.162" errors="0" timestamp="2021-10-09T02:10:41 IST" skipped="0">
  <testcase classname="com.pack.common.tests.FacebookPageLoginTest" name="verifyFacebookSignInPageTitle" time="0.011"/>
  <system-out/>
  <testcase classname="com.pack.common.tests.FacebookPageLoginTest" name="verifyloginFunctionality" time="1.151"/>
  <system-out/>
</testsuite> <!-- com.pack.common.tests.FacebookPageLoginTest -->
