<?xml version="1.0" encoding="UTF-8"?>
<!-- Generated by org.testng.reporters.JUnitReportReporter -->
<testsuite hostname="LAPTOP-ENB8TQR2" failures="0" tests="1" name="com.pack.common.tests.FacebookHomePageTest" time="44.057" errors="0" timestamp="2021-10-10T00:37:50 IST" skipped="0">
  <testcase classname="com.pack.common.tests.FacebookHomePageTest" name="verifyloginFunctionality" time="44.057"/>
  <system-out/>
</testsuite> <!-- com.pack.common.tests.FacebookHomePageTest -->
